\BOOKMARK [1][-]{section.1}{\376\377\230\171\166\356\176\323\147\204\116\016\135\345\172\013\116\000\211\310}{}% 1
\BOOKMARK [2][-]{subsection.1.1}{\376\377\143\322\116\366\143\245\123\343}{section.1}% 2
\BOOKMARK [2][-]{subsection.1.2}{\376\377\143\322\116\366\140\073\211\310}{section.1}% 3
\BOOKMARK [1][-]{section.2}{\376\377\121\163\225\056\122\237\200\375\133\236\163\260\377\010\142\223\123\005\116\016\143\322\116\366\165\037\140\001\377\011}{}% 4
\BOOKMARK [2][-]{subsection.2.1}{\376\377\142\223\123\005\133\236\163\260\377\010\000P\000y\000t\000h\000o\000n\000\040\000S\000n\000i\000f\000f\000e\000r\377\011}{section.2}% 5
\BOOKMARK [3][-]{subsubsection.2.1.1}{\376\377\136\225\134\102\143\125\203\267\147\072\122\066}{subsection.2.1}% 6
\BOOKMARK [3][-]{subsubsection.2.1.2}{\376\377\123\117\213\256\211\343\147\220\116\016\217\307\156\344}{subsection.2.1}% 7
\BOOKMARK [3][-]{subsubsection.2.1.3}{\376\377\217\333\172\013\225\364\220\032\117\341\000\040\000\050\000I\000P\000C\000\051}{subsection.2.1}% 8
\BOOKMARK [2][-]{subsection.2.2}{\376\377\145\160\143\156\155\101\116\016\136\177\144\255\377\010\000D\000a\000t\000a\000\040\000P\000i\000p\000e\000l\000i\000n\000e\377\011}{section.2}% 9
\BOOKMARK [2][-]{subsection.2.3}{\376\377\143\322\116\366\165\037\140\001\116\016\133\211\121\150\217\271\165\114}{section.2}% 10
\BOOKMARK [2][-]{subsection.2.4}{\376\377\000D\000o\000c\000k\000i\000n\000g\000\040\116\016\000\040\000P\000o\000p\000o\000u\000t\000\040\174\373\176\337}{section.2}% 11
\BOOKMARK [1][-]{section.3}{\376\377\143\322\116\366\152\041\127\127\213\346\211\343}{}% 12
\BOOKMARK [2][-]{subsection.3.1}{\376\377\145\160\143\156\123\005\123\357\211\306\123\026\000\040\000\050\000P\000a\000c\000k\000e\000t\000\040\000V\000i\000s\000u\000a\000l\000i\000z\000e\000r\000\051}{section.3}% 13
\BOOKMARK [2][-]{subsection.3.2}{\376\377\155\101\221\317\126\376\210\150\000\040\000\050\000T\000r\000a\000f\000f\000i\000c\000\040\000G\000r\000a\000p\000h\000e\000r\000\051}{section.3}% 14
\BOOKMARK [2][-]{subsection.3.3}{\376\377\177\121\176\334\142\245\124\112\000\040\000\050\000N\000e\000t\000w\000o\000r\000k\000\040\000R\000e\000p\000o\000r\000t\000e\000r\000\051}{section.3}% 15
\BOOKMARK [1][-]{section.4}{\376\377\172\013\136\217\155\101\172\013}{}% 16
\BOOKMARK [1][-]{section.5}{\376\377\155\113\213\325\116\016\142\052\126\376}{}% 17
\BOOKMARK [2][-]{subsection.5.1}{\376\377\116\073\165\114\227\142\116\016\000\040\000D\000o\000c\000k\000i\000n\000g\000\040\174\373\176\337}{section.5}% 18
\BOOKMARK [2][-]{subsection.5.2}{\376\377\142\223\123\005\143\247\122\066}{section.5}% 19
\BOOKMARK [2][-]{subsection.5.3}{\376\377\145\160\143\156\123\005\122\027\210\150\211\306\126\376}{section.5}% 20
\BOOKMARK [2][-]{subsection.5.4}{\376\377\155\361\134\102\145\160\143\156\122\006\147\220}{section.5}% 21
\BOOKMARK [2][-]{subsection.5.5}{\376\377\155\101\221\317\215\213\122\277\166\321\143\247}{section.5}% 22
\BOOKMARK [2][-]{subsection.5.6}{\376\377\142\245\124\112\165\037\142\020}{section.5}% 23
\BOOKMARK [2][-]{subsection.5.7}{\376\377\165\037\142\020\166\204\000\040\000P\000D\000F\000\040\142\245\124\112\171\072\117\213}{section.5}% 24
\BOOKMARK [2][-]{subsection.5.8}{\376\377\143\322\116\366\173\241\164\006}{section.5}% 25
\BOOKMARK [1][-]{section.6}{\376\377\172\013\136\217\116\256\160\271}{}% 26
\BOOKMARK [1][-]{section.7}{\376\377\201\364\214\042}{}% 27
